{"level":"error","message":"Database connection lost","service":"user-service"}
{"error":{},"level":"error","message":"Database connection lost","service":"user-service"}
{"level":"error","message":"Database connection lost","service":"user-service"}
{"error":{},"level":"error","message":"Database connection lost","service":"user-service"}
{"level":"error","message":"Database connection lost","service":"user-service"}
{"error":{},"level":"error","message":"Database connection lost","service":"user-service"}
{"level":"error","message":"Database connection lost","service":"user-service"}
{"error":{},"level":"error","message":"Database connection lost","service":"user-service"}
{"level":"error","message":"Database connection lost","service":"user-service"}
{"error":{},"level":"error","message":"Database connection lost","service":"user-service"}
{"level":"error","message":"Database connection lost","service":"user-service"}
{"error":{},"level":"error","message":"Database connection lost","service":"user-service"}
{"level":"error","message":"Database connection lost","service":"user-service"}
{"error":{},"level":"error","message":"Database connection lost","service":"user-service"}
{"level":"error","message":"Database connection lost","service":"user-service"}
{"error":{},"level":"error","message":"Database connection lost","service":"user-service"}
{"level":"error","message":"Database error","service":"user-service"}
{"error":{},"level":"error","message":"Database error","service":"user-service"}
{"level":"error","message":"Database connection lost","service":"user-service"}
{"error":{},"level":"error","message":"Database connection lost","service":"user-service"}
{"level":"error","message":"Database error","service":"user-service"}
{"error":{},"level":"error","message":"Database error","service":"user-service"}
{"level":"error","message":"Error finding user by email: logger is not defined","service":"user-service"}
{"level":"error","message":"Registration failed: logger is not defined","service":"user-service"}
{"error":{},"level":"error","message":"logger is not defined","service":"user-service"}
{"level":"error","message":"Error finding user by email: logger is not defined","service":"user-service"}
{"level":"error","message":"Registration failed: logger is not defined","service":"user-service"}
{"error":{},"level":"error","message":"logger is not defined","service":"user-service"}
{"level":"info","message":"Database connection pool created.","service":"user-service"}
{"level":"error","message":"Database Connection Failed: Database configuration is incomplete. Make sure DB_SERVER, DB_USER, and DB_DATABASE are set.","service":"user-service"}
{"level":"info","message":"Database connection pool created.","service":"user-service"}
{"level":"info","message":"Seed data added.","service":"user-service"}
{"level":"info","message":"Database connection pool created.","service":"user-service"}
{"level":"info","message":"Database connection pool created.","service":"user-service"}
{"level":"info","message":"Seed data added.","service":"user-service"}
{"level":"info","message":"Database connection pool created.","service":"user-service"}
