{"level":"error","message":"Database connection lost","service":"user-service"}
{"error":{},"level":"error","message":"Database connection lost","service":"user-service"}
{"level":"error","message":"Database connection lost","service":"user-service"}
{"error":{},"level":"error","message":"Database connection lost","service":"user-service"}
{"level":"error","message":"Database connection lost","service":"user-service"}
{"error":{},"level":"error","message":"Database connection lost","service":"user-service"}
{"level":"error","message":"Database connection lost","service":"user-service"}
{"error":{},"level":"error","message":"Database connection lost","service":"user-service"}
{"level":"error","message":"Database connection lost","service":"user-service"}
{"error":{},"level":"error","message":"Database connection lost","service":"user-service"}
{"level":"error","message":"Database connection lost","service":"user-service"}
{"error":{},"level":"error","message":"Database connection lost","service":"user-service"}
{"level":"error","message":"Database connection lost","service":"user-service"}
{"error":{},"level":"error","message":"Database connection lost","service":"user-service"}
{"level":"error","message":"Database connection lost","service":"user-service"}
{"error":{},"level":"error","message":"Database connection lost","service":"user-service"}
{"level":"error","message":"Database error","service":"user-service"}
{"error":{},"level":"error","message":"Database error","service":"user-service"}
{"level":"error","message":"Database connection lost","service":"user-service"}
{"error":{},"level":"error","message":"Database connection lost","service":"user-service"}
{"level":"error","message":"Database error","service":"user-service"}
{"error":{},"level":"error","message":"Database error","service":"user-service"}
{"level":"error","message":"Error finding user by email: logger is not defined","service":"user-service"}
{"level":"error","message":"Registration failed: logger is not defined","service":"user-service"}
{"error":{},"level":"error","message":"logger is not defined","service":"user-service"}
{"level":"error","message":"Error finding user by email: logger is not defined","service":"user-service"}
{"level":"error","message":"Registration failed: logger is not defined","service":"user-service"}
{"error":{},"level":"error","message":"logger is not defined","service":"user-service"}
